2024-02-23 13:15:01,972 [Worker-5: Loading available Gradle versions] INFO  o.e.b.c.i.u.g.PublishedGradleVersions - Gradle version information cache is up-to-date. Trying to read.
2024-02-23 13:15:34,778 [Worker-3: Importing Maven projects] INFO  o.e.m.c.i.l.LifecycleMappingFactory - Using org.eclipse.m2e.jdt.JarLifecycleMapping lifecycle mapping for MavenProject: com.te:employee-management-system:0.0.1-SNAPSHOT @ D:\TECHNO-ELEVATE\TRAINING\SpringBoot\employee-management-system\employee-management-system\pom.xml.
2024-02-23 13:15:36,229 [Worker-3: Importing Maven projects] INFO  o.e.m.j.i.AbstractJavaProjectConfigurator - Adding source folder /employee-management-system/src/main/java
2024-02-23 13:15:36,229 [Worker-3: Importing Maven projects] INFO  o.e.m.j.i.AbstractJavaProjectConfigurator - Adding resource folder /employee-management-system/src/main/resources
2024-02-23 13:15:36,230 [Worker-3: Importing Maven projects] INFO  o.e.m.j.i.AbstractJavaProjectConfigurator - Adding resource folder /employee-management-system/src/main/resources
2024-02-23 13:15:36,231 [Worker-3: Importing Maven projects] INFO  o.e.m.j.i.AbstractJavaProjectConfigurator - Adding source folder /employee-management-system/src/test/java
2024-02-23 13:15:36,231 [Worker-3: Importing Maven projects] INFO  o.e.m.j.i.AbstractJavaProjectConfigurator - Adding resource folder /employee-management-system/src/test/resources
2024-02-23 13:15:36,459 [Worker-3: Importing Maven projects] INFO  o.e.m.c.i.p.ProjectConfigurationManager - Imported and configured 1 project(s) in 2 sec
2024-02-23 13:15:38,390 [Worker-4: Building] INFO  o.a.m.s.f.DefaultMavenResourcesFiltering - Copying 0 resource from src\main\resources to target\classes
2024-02-23 13:15:38,392 [Worker-4: Building] INFO  o.a.m.s.f.DefaultMavenResourcesFiltering - Copying 1 resource from src\main\resources to target\classes
2024-02-23 13:15:38,402 [Worker-4: Building] INFO  o.a.m.s.f.DefaultMavenResourcesFiltering - skip non existing resourceDirectory D:\TECHNO-ELEVATE\TRAINING\SpringBoot\employee-management-system\employee-management-system\src\test\resources
2024-02-23 15:25:43,411 [Worker-35: Building] INFO  o.a.m.s.f.DefaultMavenResourcesFiltering - Copying 0 resource from src\main\resources to target\classes
2024-02-23 15:25:43,424 [Worker-35: Building] INFO  o.a.m.s.f.DefaultMavenResourcesFiltering - Copying 1 resource from src\main\resources to target\classes
2024-02-23 15:25:43,431 [Worker-35: Building] INFO  o.a.m.s.f.DefaultMavenResourcesFiltering - skip non existing resourceDirectory D:\TECHNO-ELEVATE\TRAINING\SpringBoot\employee-management-system\employee-management-system\src\test\resources
2024-02-27 15:48:08,061 [Worker-1: Loading available Gradle versions] INFO  o.e.b.c.i.u.g.PublishedGradleVersions - Gradle version information cache is up-to-date. Trying to read.
2024-02-27 15:50:24,771 [Worker-10: Launching EMSApplication] INFO  o.a.m.s.f.DefaultMavenResourcesFiltering - Copying 0 resource from src\main\resources to target\classes
2024-02-27 15:50:24,775 [Worker-10: Launching EMSApplication] INFO  o.a.m.s.f.DefaultMavenResourcesFiltering - Copying 1 resource from src\main\resources to target\classes
2024-02-27 15:50:24,787 [Worker-10: Launching EMSApplication] INFO  o.a.m.s.f.DefaultMavenResourcesFiltering - skip non existing resourceDirectory D:\TECHNO-ELEVATE\TRAINING\SpringBoot\employee-management-system\employee-management-system\src\test\resources
2024-03-01 15:30:12,821 [Worker-2: Loading available Gradle versions] INFO  o.e.b.c.i.u.g.PublishedGradleVersions - Gradle version information cache is up-to-date. Trying to read.
2024-03-01 15:32:31,922 [Worker-15: Building] INFO  o.a.m.s.f.DefaultMavenResourcesFiltering - Copying 0 resource from src\main\resources to target\classes
2024-03-01 15:32:31,924 [Worker-15: Building] INFO  o.a.m.s.f.DefaultMavenResourcesFiltering - Copying 1 resource from src\main\resources to target\classes
2024-03-01 15:32:31,931 [Worker-15: Building] INFO  o.a.m.s.f.DefaultMavenResourcesFiltering - skip non existing resourceDirectory D:\TECHNO-ELEVATE\TRAINING\SpringBoot\employee-management-system\employee-management-system\src\test\resources
2024-03-08 09:18:14,220 [Worker-1: Loading available Gradle versions] INFO  o.e.b.c.i.u.g.PublishedGradleVersions - Gradle version information cache is up-to-date. Trying to read.
